^ 1 : 2 5.655 340.82608695652175 5.655 (2022 - 2023)
^ 118 : 2 6.8873 279.9642857142857 6.8873 (2022 - 2023)
^ 149 : 4 4.5874 356.3181818181818 4.5874 (2023 - )
^ 15 : 4 4.7963 340.82608695652175 4.7963 (2023 - )
^ 172 : 4 5.2143 313.56 5.2143 (2023 - )
^ 173 : 2 9.8491 195.975 9.8491 (2022 - 2023)
^ 184 : 2 8.3674 230.55882352941177 8.3674 (2022 - 2023)
^ 192 : 2 8.3674 230.55882352941177 8.3674 (2022 - 2023)
^ 200 : 4 5.0053 326.625 5.0053 (2023 - )
^ 201 : 2 6.6407 290.3333333333333 6.6407 (2022 - 2023)
^ 207 : 4 4.7963 340.82608695652175 4.7963 (2023 - )
^ 220 : 4 5.4233 301.5 5.4233 (2023 - )
^ 230 : 2 5.9014 326.625 5.9014 (2022 - 2023)
^ 234 : 2 1.8334 166.7872340425532 1.8334 (2022 - 2023)
^ 238 : 2 6.1478 313.56 6.1478 (2022 - 2023)
^ 244 : 2 6.1478 313.56 6.1478 (2022 - 2023)
^ 254 : 2 7.3805 261.3 7.3805 (2022 - 2023)
^ 258 : 2 8.1206 237.54545454545453 8.1206 (2022 - 2023)
^ 264 : 2 8.3674 230.55882352941177 8.3674 (2022 - 2023)
^ 270 : 4 4.7963 340.82608695652175 4.7963 (2023 - )
^ 287 : 4 6.0506 270.3103448275862 6.0506 (2023 - )
^ 288 : 2 6.3942 301.5 6.3942 (2022 - 2023)
^ 44 : 4 5.4233 301.5 5.4233 (2023 - )
^ 55 : 4 5.4233 301.5 5.4233 (2023 - )
^ 66 : 4 5.6324 290.3333333333333 5.6324 (2023 - )
^ 82 : 4 5.8415 279.9642857142857 5.8415 (2023 - )
